2019-07-14 23:57:40: == Sync Started by User Command
2019-07-14 23:57:40: Copy Over 'D:/Project/library/Library/Library/addstudent.cs' -> 'D:/Python/Project/Library/Library/addstudent.cs' (501)
2019-07-14 23:57:40: Copy Over 'D:/Project/library/Library/Library/bin/Debug/Library.exe' -> 'D:/Python/Project/Library/Library/bin/Debug/Library.exe' (199,680)
2019-07-14 23:57:40: Copy Over 'D:/Project/library/Library/Library/bin/Debug/Library.exe.config' -> 'D:/Python/Project/Library/Library/bin/Debug/Library.exe.config' (189)
2019-07-14 23:57:40: Copy Over 'D:/Project/library/Library/Library/bin/Debug/Library.pdb' -> 'D:/Python/Project/Library/Library/bin/Debug/Library.pdb' (239,104)
2019-07-14 23:57:40: Copy Over 'D:/Project/library/Library/Library/bin/Debug/Library.vshost.exe' -> 'D:/Python/Project/Library/Library/bin/Debug/Library.vshost.exe' (24,224)
2019-07-14 23:57:40: Copy Over 'D:/Project/library/Library/Library/bin/Debug/Library.vshost.exe.config' -> 'D:/Python/Project/Library/Library/bin/Debug/Library.vshost.exe.config' (189)
2019-07-14 23:57:40: Copy Over 'D:/Project/library/Library/Library/Borrow.cs' -> 'D:/Python/Project/Library/Library/Borrow.cs' (1,023)
2019-07-14 23:57:40: Copy Over 'D:/Project/library/Library/Library/Borrow.Designer.cs' -> 'D:/Python/Project/Library/Library/Borrow.Designer.cs' (23,532)
2019-07-14 23:57:40: Copy Over 'D:/Project/library/Library/Library/Borrow.resx' -> 'D:/Python/Project/Library/Library/Borrow.resx' (7,105)
2019-07-14 23:57:40: Copy Over 'D:/Project/library/Library/Library/Borrow_detail.cs' -> 'D:/Python/Project/Library/Library/Borrow_detail.cs' (496)
2019-07-14 23:57:40: Copy Over 'D:/Project/library/Library/Library/Borrow_detail.Designer.cs' -> 'D:/Python/Project/Library/Library/Borrow_detail.Designer.cs' (18,955)
2019-07-14 23:57:40: Copy Over 'D:/Project/library/Library/Library/Borrow_detail.resx' -> 'D:/Python/Project/Library/Library/Borrow_detail.resx' (6,553)
2019-07-14 23:57:40: Copy Over 'D:/Project/library/Library/Library/Class/mdi.cs' -> 'D:/Python/Project/Library/Library/Class/mdi.cs' (1,251)
2019-07-14 23:57:40: Copy Over 'D:/Project/library/Library/Library/Form1.cs' -> 'D:/Python/Project/Library/Library/Form1.cs' (2,788)
2019-07-14 23:57:40: Copy Over 'D:/Project/library/Library/Library/Form1.resx' -> 'D:/Python/Project/Library/Library/Form1.resx' (48,018)
2019-07-14 23:57:40: Copy Over 'D:/Project/library/Library/Library/obj/Debug/Library.addbook.resources' -> 'D:/Python/Project/Library/Library/obj/Debug/Library.addbook.resources' (180)
2019-07-14 23:57:40: Copy Over 'D:/Project/library/Library/Library/obj/Debug/Library.addborrow.resources' -> 'D:/Python/Project/Library/Library/obj/Debug/Library.addborrow.resources' (180)
2019-07-14 23:57:40: Copy Over 'D:/Project/library/Library/Library/obj/Debug/Library.addexpense.resources' -> 'D:/Python/Project/Library/Library/obj/Debug/Library.addexpense.resources' (180)
2019-07-14 23:57:40: Copy Over 'D:/Project/library/Library/Library/obj/Debug/Library.addexpense_type.resources' -> 'D:/Python/Project/Library/Library/obj/Debug/Library.addexpense_type.resources' (180)
2019-07-14 23:57:40: Copy Over 'D:/Project/library/Library/Library/obj/Debug/Library.addimport.resources' -> 'D:/Python/Project/Library/Library/obj/Debug/Library.addimport.resources' (180)
2019-07-14 23:57:40: Copy Over 'D:/Project/library/Library/Library/obj/Debug/Library.Addprintcard.resources' -> 'D:/Python/Project/Library/Library/obj/Debug/Library.Addprintcard.resources' (180)
2019-07-14 23:57:40: Copy Over 'D:/Project/library/Library/Library/obj/Debug/Library.AddStaff.resources' -> 'D:/Python/Project/Library/Library/obj/Debug/Library.AddStaff.resources' (180)
2019-07-14 23:57:40: Copy Over 'D:/Project/library/Library/Library/obj/Debug/Library.addstudent.resources' -> 'D:/Python/Project/Library/Library/obj/Debug/Library.addstudent.resources' (180)
2019-07-14 23:57:40: Copy Over 'D:/Project/library/Library/Library/obj/Debug/Library.Addsupplier.resources' -> 'D:/Python/Project/Library/Library/obj/Debug/Library.Addsupplier.resources' (180)
2019-07-14 23:57:40: Copy Over 'D:/Project/library/Library/Library/obj/Debug/Library.book.resources' -> 'D:/Python/Project/Library/Library/obj/Debug/Library.book.resources' (180)
2019-07-14 23:57:40: Copy Over 'D:/Project/library/Library/Library/obj/Debug/Library.Borrow.resources' -> 'D:/Python/Project/Library/Library/obj/Debug/Library.Borrow.resources' (180)
2019-07-14 23:57:40: Copy Over 'D:/Project/library/Library/Library/obj/Debug/Library.Borrow_detail.resources' -> 'D:/Python/Project/Library/Library/obj/Debug/Library.Borrow_detail.resources' (180)
2019-07-14 23:57:40: Copy Over 'D:/Project/library/Library/Library/obj/Debug/Library.category.resources' -> 'D:/Python/Project/Library/Library/obj/Debug/Library.category.resources' (180)
2019-07-14 23:57:40: Copy Over 'D:/Project/library/Library/Library/obj/Debug/Library.collectType.resources' -> 'D:/Python/Project/Library/Library/obj/Debug/Library.collectType.resources' (180)
2019-07-14 23:57:40: Copy Over 'D:/Project/library/Library/Library/obj/Debug/Library.csproj.FileListAbsolute.txt' -> 'D:/Python/Project/Library/Library/obj/Debug/Library.csproj.FileListAbsolute.txt' (5,963)
2019-07-14 23:57:40: Copy Over 'D:/Project/library/Library/Library/obj/Debug/Library.csproj.GenerateResource.Cache' -> 'D:/Python/Project/Library/Library/obj/Debug/Library.csproj.GenerateResource.Cache' (2,769)
2019-07-14 23:57:40: Copy Over 'D:/Project/library/Library/Library/obj/Debug/Library.csprojResolveAssemblyReference.cache' -> 'D:/Python/Project/Library/Library/obj/Debug/Library.csprojResolveAssemblyReference.cache' (2,233)
2019-07-14 23:57:40: Copy Over 'D:/Project/library/Library/Library/obj/Debug/Library.exe' -> 'D:/Python/Project/Library/Library/obj/Debug/Library.exe' (199,680)
2019-07-14 23:57:40: Copy Over 'D:/Project/library/Library/Library/obj/Debug/Library.Expense.resources' -> 'D:/Python/Project/Library/Library/obj/Debug/Library.Expense.resources' (180)
2019-07-14 23:57:40: Copy Over 'D:/Project/library/Library/Library/obj/Debug/Library.expense_detail.resources' -> 'D:/Python/Project/Library/Library/obj/Debug/Library.expense_detail.resources' (180)
2019-07-14 23:57:40: Copy Over 'D:/Project/library/Library/Library/obj/Debug/Library.Form1.resources' -> 'D:/Python/Project/Library/Library/obj/Debug/Library.Form1.resources' (28,685)
2019-07-14 23:57:40: Copy Over 'D:/Project/library/Library/Library/obj/Debug/Library.import.resources' -> 'D:/Python/Project/Library/Library/obj/Debug/Library.import.resources' (180)
2019-07-14 23:57:40: Copy Over 'D:/Project/library/Library/Library/obj/Debug/Library.importbook.resources' -> 'D:/Python/Project/Library/Library/obj/Debug/Library.importbook.resources' (180)
2019-07-14 23:57:40: Copy Over 'D:/Project/library/Library/Library/obj/Debug/Library.importdetail.resources' -> 'D:/Python/Project/Library/Library/obj/Debug/Library.importdetail.resources' (180)
2019-07-14 23:57:40: Copy Over 'D:/Project/library/Library/Library/obj/Debug/Library.login.resources' -> 'D:/Python/Project/Library/Library/obj/Debug/Library.login.resources' (180)
2019-07-14 23:57:40: Copy Over 'D:/Project/library/Library/Library/obj/Debug/Library.pdb' -> 'D:/Python/Project/Library/Library/obj/Debug/Library.pdb' (239,104)
2019-07-14 23:57:40: Copy Over 'D:/Project/library/Library/Library/obj/Debug/Library.printcard.resources' -> 'D:/Python/Project/Library/Library/obj/Debug/Library.printcard.resources' (180)
2019-07-14 23:57:40: Copy Over 'D:/Project/library/Library/Library/obj/Debug/Library.printcard_details.resources' -> 'D:/Python/Project/Library/Library/obj/Debug/Library.printcard_details.resources' (180)
2019-07-14 23:57:40: Copy Over 'D:/Project/library/Library/Library/obj/Debug/Library.Properties.Resources.resources' -> 'D:/Python/Project/Library/Library/obj/Debug/Library.Properties.Resources.resources' (29,101)
2019-07-14 23:57:40: Copy Over 'D:/Project/library/Library/Library/obj/Debug/Library.return_detail.resources' -> 'D:/Python/Project/Library/Library/obj/Debug/Library.return_detail.resources' (180)
2019-07-14 23:57:40: Copy Over 'D:/Project/library/Library/Library/obj/Debug/Library.returnbook.resources' -> 'D:/Python/Project/Library/Library/obj/Debug/Library.returnbook.resources' (180)
2019-07-14 23:57:40: Copy Over 'D:/Project/library/Library/Library/obj/Debug/Library.staff.resources' -> 'D:/Python/Project/Library/Library/obj/Debug/Library.staff.resources' (180)
2019-07-14 23:57:40: Copy Over 'D:/Project/library/Library/Library/obj/Debug/Library.student.resources' -> 'D:/Python/Project/Library/Library/obj/Debug/Library.student.resources' (180)
2019-07-14 23:57:40: Copy Over 'D:/Project/library/Library/Library/obj/Debug/Library.testing.resources' -> 'D:/Python/Project/Library/Library/obj/Debug/Library.testing.resources' (180)
2019-07-14 23:57:40: Copy Over 'D:/Project/library/Library/Library/obj/Debug/Library.User_and_Privilage.resources' -> 'D:/Python/Project/Library/Library/obj/Debug/Library.User_and_Privilage.resources' (180)
2019-07-14 23:57:40: Copy Over 'D:/Project/library/Library/Library/Program.cs' -> 'D:/Python/Project/Library/Library/Program.cs' (533)
2019-07-14 23:57:40: Copy Over 'D:/Project/library/Library/Library/return_detail.cs' -> 'D:/Python/Project/Library/Library/return_detail.cs' (404)
2019-07-14 23:57:40: Copy Over 'D:/Project/library/Library/Library/return_detail.Designer.cs' -> 'D:/Python/Project/Library/Library/return_detail.Designer.cs' (19,974)
2019-07-14 23:57:40: Copy Over 'D:/Project/library/Library/Library/return_detail.resx' -> 'D:/Python/Project/Library/Library/return_detail.resx' (6,921)
2019-07-14 23:57:40: Copy Over 'D:/Project/library/Library/Library/returnbook.cs' -> 'D:/Python/Project/Library/Library/returnbook.cs' (662)
2019-07-14 23:57:40: Copy Over 'D:/Project/library/Library/Library/returnbook.Designer.cs' -> 'D:/Python/Project/Library/Library/returnbook.Designer.cs' (23,046)
2019-07-14 23:57:40: Copy Over 'D:/Project/library/Library/Library/returnbook.resx' -> 'D:/Python/Project/Library/Library/returnbook.resx' (6,921)
2019-07-14 23:57:40: Copy Over 'D:/Project/library/Library/Library/student.cs' -> 'D:/Python/Project/Library/Library/student.cs' (392)
2019-07-14 23:57:40: Copy Over 'D:/Project/library/Library/Library/student.Designer.cs' -> 'D:/Python/Project/Library/Library/student.Designer.cs' (22,859)
2019-07-14 23:57:40: Copy Over 'D:/Project/library/Library/Library/student.resx' -> 'D:/Python/Project/Library/Library/student.resx' (7,289)
2019-07-14 23:57:40: == Sync Complete. Time: 00:00:00, Speed: 0 bytes/s, OK: 60, Errors: 0
2019-07-14 23:57:40: 
